<?xml version="1.0" encoding="UTF-8"?>
<coverage generated="1770899175127" clover="3.2.0">
  <project timestamp="1770899175127" name="All files">
    <metrics statements="98" coveredstatements="98" conditionals="68" coveredconditionals="59" methods="20" coveredmethods="20" elements="186" coveredelements="177" complexity="0" loc="98" ncloc="98" packages="1" files="1" classes="1"/>
    <file name="mutationLog.ts" path="C:\Users\Jaoce\OneDrive\Documents\GitHub\project-isekai-v2\PROTOTYPE\src\events\mutationLog.ts">
      <metrics statements="98" coveredstatements="98" conditionals="68" coveredconditionals="59" methods="20" coveredmethods="20"/>
      <line num="1" count="2" type="stmt"/>
      <line num="4" count="2" type="stmt"/>
      <line num="5" count="2" type="stmt"/>
      <line num="25" count="2" type="stmt"/>
      <line num="28" count="45" type="cond" truecount="3" falsecount="0"/>
      <line num="31" count="2" type="stmt"/>
      <line num="33" count="265" type="cond" truecount="1" falsecount="0"/>
      <line num="34" count="264" type="stmt"/>
      <line num="35" count="264" type="cond" truecount="3" falsecount="0"/>
      <line num="36" count="262" type="cond" truecount="1" falsecount="0"/>
      <line num="37" count="82" type="cond" truecount="1" falsecount="0"/>
      <line num="39" count="80" type="stmt"/>
      <line num="41" count="180" type="cond" truecount="1" falsecount="0"/>
      <line num="42" count="54" type="cond" truecount="1" falsecount="0"/>
      <line num="43" count="53" type="cond" truecount="3" falsecount="0"/>
      <line num="46" count="51" type="cond" truecount="1" falsecount="0"/>
      <line num="47" count="6" type="stmt"/>
      <line num="48" count="3" type="stmt"/>
      <line num="52" count="48" type="cond" truecount="1" falsecount="0"/>
      <line num="53" count="1" type="stmt"/>
      <line num="55" count="47" type="cond" truecount="3" falsecount="0"/>
      <line num="56" count="2" type="stmt"/>
      <line num="58" count="45" type="cond" truecount="1" falsecount="0"/>
      <line num="59" count="1" type="stmt"/>
      <line num="62" count="44" type="stmt"/>
      <line num="63" count="44" type="stmt"/>
      <line num="64" count="240" type="stmt"/>
      <line num="65" count="240" type="stmt"/>
      <line num="67" count="240" type="cond" truecount="1" falsecount="0"/>
      <line num="68" count="220" type="stmt"/>
      <line num="70" count="44" type="stmt"/>
      <line num="73" count="2" type="stmt"/>
      <line num="75" count="26" type="cond" truecount="1" falsecount="0"/>
      <line num="81" count="26" type="cond" truecount="1" falsecount="0"/>
      <line num="82" count="25" type="cond" truecount="1" falsecount="0"/>
      <line num="83" count="24" type="cond" truecount="1" falsecount="0"/>
      <line num="86" count="23" type="stmt"/>
      <line num="87" count="23" type="stmt"/>
      <line num="88" count="23" type="stmt"/>
      <line num="91" count="23" type="stmt"/>
      <line num="92" count="23" type="stmt"/>
      <line num="93" count="13" type="cond" truecount="1" falsecount="0"/>
      <line num="95" count="10" type="stmt"/>
      <line num="97" count="23" type="cond" truecount="3" falsecount="1"/>
      <line num="98" count="23" type="stmt"/>
      <line num="99" count="23" type="cond" truecount="3" falsecount="1"/>
      <line num="102" count="23" type="cond" truecount="2" falsecount="0"/>
      <line num="103" count="1" type="stmt"/>
      <line num="105" count="22" type="cond" truecount="3" falsecount="1"/>
      <line num="106" count="22" type="cond" truecount="1" falsecount="0"/>
      <line num="107" count="1" type="stmt"/>
      <line num="117" count="22" type="cond" truecount="2" falsecount="0"/>
      <line num="118" count="22" type="cond" truecount="1" falsecount="0"/>
      <line num="119" count="1" type="stmt"/>
      <line num="122" count="21" type="cond" truecount="1" falsecount="1"/>
      <line num="123" count="21" type="cond" truecount="1" falsecount="1"/>
      <line num="125" count="21" type="cond" truecount="1" falsecount="1"/>
      <line num="126" count="21" type="stmt"/>
      <line num="127" count="21" type="stmt"/>
      <line num="128" count="36" type="cond" truecount="1" falsecount="0"/>
      <line num="130" count="21" type="cond" truecount="3" falsecount="0"/>
      <line num="131" count="1" type="stmt"/>
      <line num="136" count="20" type="stmt"/>
      <line num="137" count="37" type="cond" truecount="0" falsecount="1"/>
      <line num="138" count="37" type="cond" truecount="3" falsecount="0"/>
      <line num="139" count="22" type="cond" truecount="1" falsecount="0"/>
      <line num="140" count="21" type="stmt"/>
      <line num="141" count="21" type="stmt"/>
      <line num="142" count="15" type="stmt"/>
      <line num="143" count="15" type="cond" truecount="0" falsecount="1"/>
      <line num="144" count="15" type="stmt"/>
      <line num="146" count="21" type="stmt"/>
      <line num="149" count="20" type="stmt"/>
      <line num="151" count="20" type="stmt"/>
      <line num="165" count="20" type="stmt"/>
      <line num="167" count="20" type="stmt"/>
      <line num="169" count="20" type="stmt"/>
      <line num="172" count="274" type="cond" truecount="3" falsecount="0"/>
      <line num="173" count="64" type="stmt"/>
      <line num="174" count="64" type="cond" truecount="2" falsecount="0"/>
      <line num="175" count="4" type="stmt"/>
      <line num="177" count="230" type="stmt"/>
      <line num="181" count="20" type="stmt"/>
      <line num="182" count="20" type="stmt"/>
      <line num="184" count="20" type="stmt"/>
      <line num="187" count="2" type="stmt"/>
      <line num="188" count="8" type="stmt"/>
      <line num="191" count="2" type="stmt"/>
      <line num="193" count="14" type="cond" truecount="2" falsecount="0"/>
      <line num="196" count="2" type="stmt"/>
      <line num="197" count="16" type="stmt"/>
      <line num="200" count="2" type="cond" truecount="0" falsecount="1"/>
      <line num="201" count="3" type="stmt"/>
      <line num="202" count="3" type="stmt"/>
      <line num="203" count="1" type="stmt"/>
      <line num="204" count="1" type="stmt"/>
      <line num="209" count="2" type="stmt"/>
      <line num="210" count="2" type="stmt"/>
    </file>
  </project>
</coverage>
