TN:
SF:src\events\mutationLog.ts
FN:27,isPlainObject
FN:31,canonicalize
FN:47,(anonymous_4)
FN:73,appendEvent
FN:91,(anonymous_6)
FN:117,(anonymous_7)
FN:122,(anonymous_8)
FN:122,(anonymous_9)
FN:123,(anonymous_10)
FN:136,clean
FN:171,deepFreeze
FN:187,getEventsForWorld
FN:188,(anonymous_14)
FN:191,getReplayableEvents
FN:193,(anonymous_16)
FN:196,clearEventLog
FN:200,truncateEventsForWorld
FN:201,(anonymous_19)
FN:202,(anonymous_20)
FN:209,__getInternalEventLog
FNF:20
FNH:20
FNDA:45,isPlainObject
FNDA:265,canonicalize
FNDA:6,(anonymous_4)
FNDA:26,appendEvent
FNDA:23,(anonymous_6)
FNDA:18,(anonymous_7)
FNDA:16,(anonymous_8)
FNDA:16,(anonymous_9)
FNDA:16,(anonymous_10)
FNDA:37,clean
FNDA:274,deepFreeze
FNDA:5,getEventsForWorld
FNDA:8,(anonymous_14)
FNDA:7,getReplayableEvents
FNDA:14,(anonymous_16)
FNDA:16,clearEventLog
FNDA:1,truncateEventsForWorld
FNDA:3,(anonymous_19)
FNDA:3,(anonymous_20)
FNDA:2,__getInternalEventLog
DA:1,2
DA:4,2
DA:5,2
DA:25,2
DA:28,45
DA:31,2
DA:33,265
DA:34,264
DA:35,264
DA:36,262
DA:37,82
DA:39,80
DA:41,180
DA:42,54
DA:43,53
DA:46,51
DA:47,6
DA:48,3
DA:52,48
DA:53,1
DA:55,47
DA:56,2
DA:58,45
DA:59,1
DA:62,44
DA:63,44
DA:64,240
DA:65,240
DA:67,240
DA:68,220
DA:70,44
DA:73,2
DA:75,26
DA:81,26
DA:82,25
DA:83,24
DA:86,23
DA:87,23
DA:88,23
DA:91,23
DA:92,23
DA:93,13
DA:95,10
DA:97,23
DA:98,23
DA:99,23
DA:102,23
DA:103,1
DA:105,22
DA:106,22
DA:107,1
DA:117,22
DA:118,22
DA:119,1
DA:122,21
DA:123,21
DA:125,21
DA:126,21
DA:127,21
DA:128,36
DA:130,21
DA:131,1
DA:136,20
DA:137,37
DA:138,37
DA:139,22
DA:140,21
DA:141,21
DA:142,15
DA:143,15
DA:144,15
DA:146,21
DA:149,20
DA:151,20
DA:165,20
DA:167,20
DA:169,20
DA:172,274
DA:173,64
DA:174,64
DA:175,4
DA:177,230
DA:181,20
DA:182,20
DA:184,20
DA:187,2
DA:188,8
DA:191,2
DA:193,14
DA:196,2
DA:197,16
DA:200,2
DA:201,3
DA:202,3
DA:203,1
DA:204,1
DA:209,2
DA:210,2
LF:98
LH:98
BRDA:28,0,0,45
BRDA:28,0,1,45
BRDA:28,0,2,45
BRDA:33,1,0,1
BRDA:35,2,0,2
BRDA:35,3,0,1
BRDA:35,3,1,1
BRDA:36,4,0,82
BRDA:37,5,0,2
BRDA:41,6,0,126
BRDA:42,7,0,1
BRDA:43,8,0,2
BRDA:43,9,0,53
BRDA:43,9,1,52
BRDA:46,10,0,3
BRDA:52,11,0,1
BRDA:55,12,0,2
BRDA:55,13,0,47
BRDA:55,13,1,46
BRDA:58,14,0,1
BRDA:67,15,0,20
BRDA:75,16,0,24
BRDA:81,17,0,1
BRDA:82,18,0,1
BRDA:83,19,0,1
BRDA:93,20,0,13
BRDA:97,21,0,13
BRDA:97,21,1,10
BRDA:97,22,0,13
BRDA:97,22,1,0
BRDA:99,23,0,13
BRDA:99,23,1,10
BRDA:99,24,0,13
BRDA:99,24,1,0
BRDA:102,25,0,1
BRDA:102,25,1,22
BRDA:105,26,0,13
BRDA:105,26,1,9
BRDA:105,27,0,13
BRDA:105,27,1,0
BRDA:106,28,0,1
BRDA:117,29,0,18
BRDA:117,29,1,18
BRDA:118,30,0,1
BRDA:122,31,0,16
BRDA:122,31,1,0
BRDA:123,32,0,21
BRDA:123,32,1,0
BRDA:125,33,0,21
BRDA:125,33,1,0
BRDA:128,34,0,1
BRDA:130,35,0,1
BRDA:130,36,0,21
BRDA:130,36,1,1
BRDA:137,37,0,0
BRDA:138,38,0,15
BRDA:138,39,0,37
BRDA:138,39,1,37
BRDA:139,40,0,1
BRDA:143,41,0,0
BRDA:172,42,0,64
BRDA:172,43,0,274
BRDA:172,43,1,264
BRDA:174,44,0,2
BRDA:174,44,1,62
BRDA:193,45,0,14
BRDA:193,45,1,14
BRDA:200,46,0,0
BRF:68
BRH:59
end_of_record
